Starting blockchain
Listening for connections on port 10000
WSInter:	Starting websocker interceptor server
Mir node running.
Type in your messages and press 'Enter' to send.
node process started
module started ID=transport
module started ID=timer
module started ID=devnull
module started ID=bcm
module started ID=synchronizer
module started ID=application
module started2024/01/27 16:10:45 Starting servers...
 ID=mangler
module started ID=miner
module started ID=communication
BCM:	Initialized blockchain
App:	Processing payload request headId=984168
Miner:	New mining operation headId=984168
Comm:	new block received blockId=131965
BCM:	Adding new block blockId=131965
App:	Processing verify block request
BCM:	Adding block... blockId=131965 parentId=984168
BCM:	Found parend in leaves blockId=131965 parentId=984168
BCM:	Head changed head=131965
BCM:	Computing Delta removeHead=984168762556114325 addHead=13196569903627898630
App:	Processing fork update poolSize=0
App:	Pool after fork poolSize=0
=== STATE ===
=============
Enter new message: 
App:	Processing payload request headId=131965
Miner:	New mining operation headId=131965
BCM:	Received register checkpoint blockId=131965
BCM:	Found block - registering checkpoint blockId=131965
Miner:	Mining aborted headId=984168
2024/01/27 16:10:50 wsConnection
2024/01/27 16:10:50 wsConnection
Comm:	new block received blockId=787028
BCM:	Adding new block blockId=787028
App:	Processing verify block request
BCM:	Adding block... blockId=787028 parentId=131965
BCM:	Found parend in leaves blockId=787028 parentId=131965
BCM:	Head changed head=787028
BCM:	Computing Delta removeHead=13196569903627898630 addHead=7870289600364135980
App:	Processing fork update poolSize=0
App:	Pool after fork poolSize=0
=== STATE ===
=============
Enter new message: 
BCM:	Received register checkpoint blockId=787028
BCM:	Found block - registering checkpoint blockId=787028
App:	Processing payload request headId=787028
Miner:	New mining operation headId=787028
Miner:	Mining aborted headId=131965
BCM:	Received get chain request requestId=11893829792190309159-3 sourceModule=synchronizer endBlockId=118938 sourceBlockIds=787028 984168 
BCM:	Block not found - can't build chain requestId=11893829792190309159-3 error=no hit
Comm:	new block received blockId=103988
BCM:	Adding new block blockId=103988
App:	Processing verify block request
BCM:	Adding block... blockId=103988 parentId=787028
BCM:	Found parend in leaves blockId=103988 parentId=787028
BCM:	Head changed head=103988
BCM:	Computing Delta removeHead=7870289600364135980 addHead=10398848283983095001
App:	Processing fork update poolSize=0
App:	Pool after fork poolSize=0
=== STATE ===
=============
Enter new message: 
App:	Processing payload request headId=103988
BCM:	Received register checkpoint blockId=103988
BCM:	Found block - registering checkpoint blockId=103988
Miner:	New mining operation headId=103988
Miner:	Mining aborted headId=787028
Comm:	new block received blockId=118938
BCM:	Adding new block blockId=118938
App:	Processing verify block request
BCM:	Adding block... blockId=118938 parentId=103988
BCM:	Found parend in leaves blockId=118938 parentId=103988
BCM:	Head changed head=118938
BCM:	Computing Delta removeHead=10398848283983095001 addHead=11893829792190309159
App:	Processing fork update poolSize=0
App:	Pool after fork poolSize=0
=== STATE ===
=============
Enter new message: 
BCM:	Received register checkpoint blockId=118938
BCM:	Found block - registering checkpoint blockId=118938
App:	Processing payload request headId=118938
Miner:	New mining operation headId=118938
Miner:	Mining aborted headId=103988
Comm:	new block received blockId=130232
BCM:	Adding new block blockId=130232
App:	Processing verify block request
BCM:	Adding block... blockId=130232 parentId=787028
BCM:	Found parend in tree blockId=130232 parentId=787028
BCM:	Received get chain request requestId=7888740876865592839-3 sourceModule=synchronizer endBlockId=788874 sourceBlockIds=130232 984168 
BCM:	Block not found - can't build chain requestId=7888740876865592839-3 error=no hit
Comm:	new block received blockId=788874
BCM:	Adding new block blockId=788874
App:	Processing verify block request
BCM:	Adding block... blockId=788874 parentId=118938
BCM:	Found parend in leaves blockId=788874 parentId=118938
BCM:	Head changed head=788874
BCM:	Computing Delta removeHead=11893829792190309159 addHead=7888740876865592839
App:	Processing fork update poolSize=0
App:	Pool after fork poolSize=0
=== STATE ===
=============
Enter new message: 
App:	Processing payload request headId=788874
Miner:	New mining operation headId=788874
Miner:	Mining aborted headId=118938
BCM:	Received register checkpoint blockId=788874
BCM:	Found block - registering checkpoint blockId=788874
Comm:	new block received blockId=128439
BCM:	Adding new block blockId=128439
App:	Processing verify block request
BCM:	Adding block... blockId=128439 parentId=788874
BCM:	Found parend in leaves blockId=128439 parentId=788874
BCM:	Head changed head=128439
BCM:	Computing Delta removeHead=7888740876865592839 addHead=12843908149529313863
App:	Processing fork update poolSize=0
App:	Pool after fork poolSize=0
=== STATE ===
=============
Enter new message: 
App:	Processing payload request headId=128439
Miner:	New mining operation headId=128439
BCM:	Received register checkpoint blockId=128439
BCM:	Found block - registering checkpoint blockId=128439
Miner:	Mining aborted headId=788874
Comm:	new block received blockId=113306
BCM:	Adding new block blockId=113306
App:	Processing verify block request
BCM:	Adding block... blockId=113306 parentId=128439
BCM:	Found parend in leaves blockId=113306 parentId=128439
BCM:	Head changed head=113306
BCM:	Computing Delta removeHead=12843908149529313863 addHead=11330679216679334033
App:	Processing fork update poolSize=0
App:	Pool after fork poolSize=0
=== STATE ===
=============
Enter new message: 
App:	Processing payload request headId=113306
BCM:	Received register checkpoint blockId=113306
BCM:	Found block - registering checkpoint blockId=113306
Miner:	New mining operation headId=113306
Miner:	Mining aborted headId=128439
Comm:	new block received blockId=741125
BCM:	Adding new block blockId=741125
App:	Processing verify block request
BCM:	Adding block... blockId=741125 parentId=113306
BCM:	Found parend in leaves blockId=741125 parentId=113306
BCM:	Head changed head=741125
BCM:	Computing Delta removeHead=11330679216679334033 addHead=7411256712029835706
App:	Processing fork update poolSize=0
App:	Pool after fork poolSize=0
=== STATE ===
=============
Enter new message: 
BCM:	Received register checkpoint blockId=741125
BCM:	Found block - registering checkpoint blockId=741125
App:	Processing payload request headId=741125
Miner:	New mining operation headId=741125
Miner:	Mining aborted headId=113306
Comm:	new block received blockId=820113
BCM:	Adding new block blockId=820113
App:	Processing verify block request
BCM:	Adding block... blockId=820113 parentId=741125
BCM:	Found parend in leaves blockId=820113 parentId=741125
BCM:	Head changed head=820113
BCM:	Computing Delta removeHead=7411256712029835706 addHead=820113564730125821
App:	Processing fork update poolSize=0
App:	Pool after fork poolSize=0
=== STATE ===
=============
Enter new message: 
App:	Processing payload request headId=820113
Miner:	New mining operation headId=820113
BCM:	Received register checkpoint blockId=820113
BCM:	Found block - registering checkpoint blockId=820113
Miner:	Mining aborted headId=741125
Comm:	new block received blockId=750030
BCM:	Adding new block blockId=750030
App:	Processing verify block request
BCM:	Adding block... blockId=750030 parentId=741125
BCM:	Found parend in tree blockId=750030 parentId=741125
Comm:	new block received blockId=176791
BCM:	Adding new block blockId=176791
App:	Processing verify block request
BCM:	Adding block... blockId=176791 parentId=750030
BCM:	Found parend in leaves blockId=176791 parentId=750030
BCM:	Head changed head=176791
BCM:	Computing Delta removeHead=820113564730125821 addHead=1767916581535011863
App:	Processing fork update poolSize=0
App:	Pool after fork poolSize=1
=== STATE ===
=============
Enter new message: 
BCM:	Received register checkpoint blockId=176791
BCM:	Found block - registering checkpoint blockId=176791
App:	Processing payload request headId=176791
Miner:	New mining operation headId=176791
Miner:	Mining aborted headId=820113
Comm:	new block received blockId=125371
BCM:	Adding new block blockId=125371
BCM:	Parent not found. Could be invalid chain/block or we are missing a part. Sending sync req to sync end of chain. blockId=125371
BCM:	Sending sync request blockId=125371 leaves+genesis=820113 130232 176791 984168 
Sync:	Intern - asking node for block block=125371 node=3 mangle=false
BCM:	Received chain from synchronizer
BCM:	Adding new chain chain=710442 125371 
App:	Processing verify block request
BCM:	Adding block... blockId=710442 parentId=176791
BCM:	Found parend in leaves blockId=710442 parentId=176791
BCM:	Adding block... blockId=125371 parentId=710442
BCM:	Found parend in leaves blockId=125371 parentId=710442
BCM:	Head changed head=125371
BCM:	Computing Delta removeHead=1767916581535011863 addHead=12537158404592459545
App:	Processing fork update poolSize=1
App:	Pool after fork poolSize=0
=== STATE ===
=============
Enter new message: 
App:	Processing payload request headId=125371
Miner:	New mining operation headId=125371
BCM:	Received register checkpoint blockId=125371
BCM:	Found block - registering checkpoint blockId=125371
Miner:	Mining aborted headId=176791
Comm:	new block received blockId=825990
BCM:	Adding new block blockId=825990
App:	Processing verify block request
BCM:	Adding block... blockId=825990 parentId=125371
BCM:	Found parend in leaves blockId=825990 parentId=125371
BCM:	Head changed head=825990
BCM:	Computing Delta removeHead=12537158404592459545 addHead=8259907928047480306
App:	Processing fork update poolSize=0
App:	Pool after fork poolSize=0
=== STATE ===
=============
Enter new message: 
App:	Processing payload request headId=825990
Miner:	New mining operation headId=825990
BCM:	Received register checkpoint blockId=825990
BCM:	Found block - registering checkpoint blockId=825990
Miner:	Mining aborted headId=125371
Comm:	new block received blockId=181641
BCM:	Adding new block blockId=181641
App:	Processing verify block request
BCM:	Adding block... blockId=181641 parentId=825990
BCM:	Found parend in leaves blockId=181641 parentId=825990
BCM:	Head changed head=181641
BCM:	Computing Delta removeHead=8259907928047480306 addHead=18164163422973475490
App:	Processing fork update poolSize=0
App:	Pool after fork poolSize=0
=== STATE ===
=============
Enter new message: 
BCM:	Received register checkpoint blockId=181641
BCM:	Found block - registering checkpoint blockId=181641
App:	Processing payload request headId=181641
Miner:	New mining operation headId=181641
Miner:	Mining aborted headId=825990
Miner:	Block mined headId=112625 parentId=181641
BCM:	Adding new block blockId=112625
Comm:	broadcasting block blockId=112625 manlge=true
App:	Processing verify block request
BCM:	Adding block... blockId=112625 parentId=181641
BCM:	Found parend in leaves blockId=112625 parentId=181641
BCM:	Head changed head=112625
BCM:	Computing Delta removeHead=18164163422973475490 addHead=1126259218871471908
App:	Processing fork update poolSize=0
App:	Pool after fork poolSize=0
=== STATE ===
=============
Enter new message: 
App:	Processing payload request headId=112625
Miner:	New mining operation headId=112625
BCM:	Received register checkpoint blockId=112625
BCM:	Found block - registering checkpoint blockId=112625
BCM:	Received get chain request requestId=1126259218871471908-3 sourceModule=synchronizer endBlockId=112625 sourceBlockIds=130232 820113 825990 984168 
BCM:	Found block in tree - building chain requestId=1126259218871471908-3
BCM:	Found link with sourceBlockIds - chain build requestId=1126259218871471908-3
Sync:	External - Responsing to block request requestId=1126259218871471908-3 found=true mangle=false
Comm:	new block received blockId=895158
BCM:	Adding new block blockId=895158
App:	Processing verify block request
BCM:	Adding block... blockId=895158 parentId=181641
BCM:	Found parend in tree blockId=895158 parentId=181641
BCM:	Received get chain request requestId=731806091821857609-2 sourceModule=synchronizer endBlockId=731806 sourceBlockIds=895158 130232 820113 984168 
BCM:	Block not found - can't build chain requestId=731806091821857609-2 error=no hit
Comm:	new block received blockId=731806
BCM:	Adding new block blockId=731806
App:	Processing verify block request
BCM:	Adding block... blockId=731806 parentId=112625
BCM:	Found parend in leaves blockId=731806 parentId=112625
BCM:	Head changed head=731806
BCM:	Computing Delta removeHead=1126259218871471908 addHead=731806091821857609
App:	Processing fork update poolSize=0
App:	Pool after fork poolSize=0
=== STATE ===
=============
Enter new message: 
BCM:	Received register checkpoint blockId=731806
App:	Processing payload request headId=731806
BCM:	Found block - registering checkpoint blockId=731806
Miner:	New mining operation headId=731806
Miner:	Mining aborted headId=112625
Miner:	Block mined headId=334657 parentId=731806
Comm:	broadcasting block blockId=334657 manlge=true
BCM:	Adding new block blockId=334657
App:	Processing verify block request
BCM:	Adding block... blockId=334657 parentId=731806
BCM:	Found parend in leaves blockId=334657 parentId=731806
BCM:	Head changed head=334657
BCM:	Computing Delta removeHead=731806091821857609 addHead=334657190547231162
App:	Processing fork update poolSize=0
App:	Pool after fork poolSize=0
=== STATE ===
=============
Enter new message: 
BCM:	Received register checkpoint blockId=334657
BCM:	Found block - registering checkpoint blockId=334657
App:	Processing payload request headId=334657
Miner:	New mining operation headId=334657
Comm:	new block received blockId=452347
BCM:	Adding new block blockId=452347
App:	Processing verify block request
BCM:	Adding block... blockId=452347 parentId=895158
BCM:	Found parend in leaves blockId=452347 parentId=895158
BCM:	Received get chain request requestId=334657190547231162-2 sourceModule=synchronizer endBlockId=334657 sourceBlockIds=820113 452347 130232 984168 
BCM:	Found block in tree - building chain requestId=334657190547231162-2
BCM:	Found link with sourceBlockIds - chain build requestId=334657190547231162-2
Sync:	External - Responsing to block request requestId=334657190547231162-2 found=true mangle=false
Comm:	new block received blockId=116079
BCM:	Adding new block blockId=116079
App:	Processing verify block request
BCM:	Adding block... blockId=116079 parentId=334657
BCM:	Found parend in leaves blockId=116079 parentId=334657
BCM:	Head changed head=116079
BCM:	Computing Delta removeHead=334657190547231162 addHead=11607913761679657546
App:	Processing fork update poolSize=0
App:	Pool after fork poolSize=0
=== STATE ===
=============
Enter new message: 
App:	Processing payload request headId=116079
Miner:	New mining operation headId=116079
BCM:	Received register checkpoint blockId=116079
BCM:	Found block - registering checkpoint blockId=116079
Miner:	Mining aborted headId=334657
Miner:	Block mined headId=103894 parentId=116079
Comm:	broadcasting block blockId=103894 manlge=true
BCM:	Adding new block blockId=103894
App:	Processing verify block request
BCM:	Adding block... blockId=103894 parentId=116079
BCM:	Found parend in leaves blockId=103894 parentId=116079
BCM:	Head changed head=103894
BCM:	Computing Delta removeHead=11607913761679657546 addHead=1038941460289491289
App:	Processing fork update poolSize=0
App:	Pool after fork poolSize=0
=== STATE ===
=============
Enter new message: 
BCM:	Received register checkpoint blockId=103894
BCM:	Found block - registering checkpoint blockId=103894
App:	Processing payload request headId=103894
Miner:	New mining operation headId=103894
Comm:	new block received blockId=234199
BCM:	Adding new block blockId=234199
App:	Processing verify block request
BCM:	Adding block... blockId=234199 parentId=116079
BCM:	Found parend in tree blockId=234199 parentId=116079
Comm:	new block received blockId=139456
BCM:	Adding new block blockId=139456
App:	Processing verify block request
BCM:	Adding block... blockId=139456 parentId=234199
BCM:	Found parend in leaves blockId=139456 parentId=234199
BCM:	Head changed head=139456
BCM:	Computing Delta removeHead=1038941460289491289 addHead=13945627124812970487
App:	Processing fork update poolSize=0
App:	Pool after fork poolSize=1
=== STATE ===
=============
Enter new message: 
BCM:	Received register checkpoint blockId=139456
BCM:	Found block - registering checkpoint blockId=139456
App:	Processing payload request headId=139456
Miner:	New mining operation headId=139456
Miner:	Mining aborted headId=103894
Comm:	new block received blockId=171170
BCM:	Adding new block blockId=171170
App:	Processing verify block request
BCM:	Adding block... blockId=171170 parentId=139456
BCM:	Found parend in leaves blockId=171170 parentId=139456
BCM:	Head changed head=171170
BCM:	Computing Delta removeHead=13945627124812970487 addHead=17117052970527755042
App:	Processing fork update poolSize=1
App:	Pool after fork poolSize=1
=== STATE ===
=============
Enter new message: 
BCM:	Received register checkpoint blockId=171170
BCM:	Found block - registering checkpoint blockId=171170
App:	Processing payload request headId=171170
Miner:	New mining operation headId=171170
Miner:	Mining aborted headId=139456
Comm:	new block received blockId=646610
BCM:	Adding new block blockId=646610
App:	Processing verify block request
BCM:	Adding block... blockId=646610 parentId=171170
BCM:	Found parend in leaves blockId=646610 parentId=171170
BCM:	Head changed head=646610
BCM:	Computing Delta removeHead=17117052970527755042 addHead=6466105961989065022
App:	Processing fork update poolSize=1
App:	Pool after fork poolSize=1
=== STATE ===
=============
Enter new message: 
App:	Processing payload request headId=646610
Miner:	New mining operation headId=646610
BCM:	Received register checkpoint blockId=646610
BCM:	Found block - registering checkpoint blockId=646610
Miner:	Mining aborted headId=171170
Miner:	Block mined headId=844231 parentId=646610
Comm:	broadcasting block blockId=844231 manlge=true
BCM:	Adding new block blockId=844231
App:	Processing verify block request
BCM:	Adding block... blockId=844231 parentId=646610
BCM:	Found parend in leaves blockId=844231 parentId=646610
BCM:	Head changed head=844231
BCM:	Computing Delta removeHead=6466105961989065022 addHead=8442314880751092251
App:	Processing fork update poolSize=1
App:	Pool after fork poolSize=0
=== STATE ===
=============
Enter new message: 
BCM:	Received register checkpoint blockId=844231
BCM:	Found block - registering checkpoint blockId=844231
App:	Processing payload request headId=844231
Miner:	New mining operation headId=844231
Comm:	new block received blockId=418906
BCM:	Adding new block blockId=418906
App:	Processing verify block request
BCM:	Adding block... blockId=418906 parentId=646610
BCM:	Found parend in tree blockId=418906 parentId=646610
Miner:	Block mined headId=971598 parentId=844231
Comm:	broadcasting block blockId=971598 manlge=true
BCM:	Adding new block blockId=971598
App:	Processing verify block request
BCM:	Adding block... blockId=971598 parentId=844231
BCM:	Found parend in leaves blockId=971598 parentId=844231
BCM:	Head changed head=971598
BCM:	Computing Delta removeHead=8442314880751092251 addHead=9715988988736748123
App:	Processing fork update poolSize=0
App:	Pool after fork poolSize=0
=== STATE ===
=============
Enter new message: 
App:	Processing payload request headId=971598
BCM:	Received register checkpoint blockId=971598
BCM:	Found block - registering checkpoint blockId=971598
Miner:	New mining operation headId=971598
Comm:	new block received blockId=178105
BCM:	Adding new block blockId=178105
App:	Processing verify block request
BCM:	Adding block... blockId=178105 parentId=971598
BCM:	Found parend in leaves blockId=178105 parentId=971598
BCM:	Head changed head=178105
BCM:	Computing Delta removeHead=9715988988736748123 addHead=17810524461877801990
App:	Processing fork update poolSize=0
App:	Pool after fork poolSize=0
=== STATE ===
=============
Enter new message: 
BCM:	Received register checkpoint blockId=178105
BCM:	Found block - registering checkpoint blockId=178105
App:	Processing payload request headId=178105
Miner:	New mining operation headId=178105
Miner:	Mining aborted headId=971598
Comm:	new block received blockId=401566
BCM:	Adding new block blockId=401566
App:	Processing verify block request
BCM:	Adding block... blockId=401566 parentId=418906
BCM:	Found parend in leaves blockId=401566 parentId=418906
Comm:	new block received blockId=904985
BCM:	Adding new block blockId=904985
App:	Processing verify block request
BCM:	Adding block... blockId=904985 parentId=178105
BCM:	Found parend in leaves blockId=904985 parentId=178105
BCM:	Head changed head=904985
BCM:	Computing Delta removeHead=17810524461877801990 addHead=9049855746621678928
App:	Processing fork update poolSize=0
App:	Pool after fork poolSize=0
=== STATE ===
=============
Enter new message: 
BCM:	Received register checkpoint blockId=904985
BCM:	Found block - registering checkpoint blockId=904985
App:	Processing payload request headId=904985
Miner:	New mining operation headId=904985
Miner:	Mining aborted headId=178105
Comm:	new block received blockId=153255
BCM:	Adding new block blockId=153255
App:	Processing verify block request
BCM:	Adding block... blockId=153255 parentId=904985
BCM:	Found parend in leaves blockId=153255 parentId=904985
BCM:	Head changed head=153255
BCM:	Computing Delta removeHead=9049855746621678928 addHead=15325544944004930552
App:	Processing fork update poolSize=0
App:	Pool after fork poolSize=0
=== STATE ===
=============
Enter new message: 
App:	Processing payload request headId=153255
BCM:	Received register checkpoint blockId=153255
BCM:	Found block - registering checkpoint blockId=153255
Miner:	New mining operation headId=153255
Miner:	Mining aborted headId=904985
Comm:	new block received blockId=159624
BCM:	Adding new block blockId=159624
App:	Processing verify block request
BCM:	Adding block... blockId=159624 parentId=153255
BCM:	Found parend in leaves blockId=159624 parentId=153255
BCM:	Head changed head=159624
BCM:	Computing Delta removeHead=15325544944004930552 addHead=15962423961818572352
App:	Processing fork update poolSize=0
App:	Pool after fork poolSize=0
=== STATE ===
=============
Enter new message: 
BCM:	Received register checkpoint blockId=159624
BCM:	Found block - registering checkpoint blockId=159624
App:	Processing payload request headId=159624
Miner:	New mining operation headId=159624
Miner:	Mining aborted headId=153255
Miner:	Block mined headId=456470 parentId=159624
BCM:	Adding new block blockId=456470
Comm:	broadcasting block blockId=456470 manlge=true
App:	Processing verify block request
BCM:	Adding block... blockId=456470 parentId=159624
BCM:	Found parend in leaves blockId=456470 parentId=159624
BCM:	Head changed head=456470
BCM:	Computing Delta removeHead=15962423961818572352 addHead=4564706988187283764
App:	Processing fork update poolSize=0
App:	Pool after fork poolSize=0
=== STATE ===
=============
Enter new message: 
App:	Processing payload request headId=456470
Miner:	New mining operation headId=456470
BCM:	Received register checkpoint blockId=456470
BCM:	Found block - registering checkpoint blockId=456470
Comm:	new block received blockId=103108
BCM:	Adding new block blockId=103108
App:	Processing verify block request
BCM:	Adding block... blockId=103108 parentId=159624
BCM:	Found parend in tree blockId=103108 parentId=159624
Comm:	new block received blockId=180080
BCM:	Adding new block blockId=180080
App:	Processing verify block request
BCM:	Adding block... blockId=180080 parentId=103108
BCM:	Found parend in leaves blockId=180080 parentId=103108
BCM:	Head changed head=180080
BCM:	Computing Delta removeHead=4564706988187283764 addHead=18008064487688821171
App:	Processing fork update poolSize=0
App:	Pool after fork poolSize=1
=== STATE ===
=============
Enter new message: 
BCM:	Received register checkpoint blockId=180080
BCM:	Found block - registering checkpoint blockId=180080
App:	Processing payload request headId=180080
Miner:	New mining operation headId=180080
Miner:	Mining aborted headId=456470
Miner:	Block mined headId=142191 parentId=180080
Comm:	broadcasting block blockId=142191 manlge=true
BCM:	Adding new block blockId=142191
App:	Processing verify block request
BCM:	Adding block... blockId=142191 parentId=180080
BCM:	Found parend in leaves blockId=142191 parentId=180080
BCM:	Head changed head=142191
BCM:	Computing Delta removeHead=18008064487688821171 addHead=14219182260452221158
App:	Processing fork update poolSize=1
App:	Pool after fork poolSize=0
=== STATE ===
=============
Enter new message: 
BCM:	Received register checkpoint blockId=142191
BCM:	Found block - registering checkpoint blockId=142191
App:	Processing payload request headId=142191
Miner:	New mining operation headId=142191
Comm:	new block received blockId=178413
BCM:	Adding new block blockId=178413
App:	Processing verify block request
BCM:	Adding block... blockId=178413 parentId=142191
BCM:	Found parend in leaves blockId=178413 parentId=142191
BCM:	Head changed head=178413
BCM:	Computing Delta removeHead=14219182260452221158 addHead=1784139038203049118
App:	Processing fork update poolSize=0
App:	Pool after fork poolSize=0
=== STATE ===
=============
Enter new message: 
BCM:	Received register checkpoint blockId=178413
BCM:	Found block - registering checkpoint blockId=178413
App:	Processing payload request headId=178413
Miner:	New mining operation headId=178413
Miner:	Mining aborted headId=142191
Comm:	new block received blockId=137013
BCM:	Adding new block blockId=137013
App:	Processing verify block request
BCM:	Adding block... blockId=137013 parentId=178413
BCM:	Found parend in leaves blockId=137013 parentId=178413
BCM:	Head changed head=137013
BCM:	Computing Delta removeHead=1784139038203049118 addHead=13701396159995815838
App:	Processing fork update poolSize=0
App:	Pool after fork poolSize=0
=== STATE ===
=============
Enter new message: 
BCM:	Received register checkpoint blockId=137013
BCM:	Found block - registering checkpoint blockId=137013
App:	Processing payload request headId=137013
Miner:	New mining operation headId=137013
Miner:	Mining aborted headId=178413
Comm:	new block received blockId=154336
BCM:	Adding new block blockId=154336
App:	Processing verify block request
BCM:	Adding block... blockId=154336 parentId=137013
BCM:	Found parend in leaves blockId=154336 parentId=137013
BCM:	Head changed head=154336
BCM:	Computing Delta removeHead=13701396159995815838 addHead=1543364535872971126
App:	Processing fork update poolSize=0
App:	Pool after fork poolSize=0
=== STATE ===
=============
Enter new message: 
App:	Processing payload request headId=154336
Miner:	New mining operation headId=154336
BCM:	Received register checkpoint blockId=154336
BCM:	Found block - registering checkpoint blockId=154336
Miner:	Mining aborted headId=137013
Comm:	new block received blockId=832410
BCM:	Adding new block blockId=832410
App:	Processing verify block request
BCM:	Adding block... blockId=832410 parentId=154336
BCM:	Found parend in leaves blockId=832410 parentId=154336
BCM:	Head changed head=832410
BCM:	Computing Delta removeHead=1543364535872971126 addHead=8324104478436381400
App:	Processing fork update poolSize=0
App:	Pool after fork poolSize=0
=== STATE ===
=============
Enter new message: 
BCM:	Received register checkpoint blockId=832410
BCM:	Found block - registering checkpoint blockId=832410
App:	Processing payload request headId=832410
Miner:	New mining operation headId=832410
Miner:	Mining aborted headId=154336
Comm:	new block received blockId=705037
BCM:	Adding new block blockId=705037
App:	Processing verify block request
BCM:	Adding block... blockId=705037 parentId=832410
BCM:	Found parend in leaves blockId=705037 parentId=832410
BCM:	Head changed head=705037
BCM:	Computing Delta removeHead=8324104478436381400 addHead=7050375374888895977
App:	Processing fork update poolSize=0
App:	Pool after fork poolSize=0
=== STATE ===
=============
Enter new message: 
App:	Processing payload request headId=705037
Miner:	New mining operation headId=705037
BCM:	Received register checkpoint blockId=705037
BCM:	Found block - registering checkpoint blockId=705037
Miner:	Mining aborted headId=832410
Comm:	new block received blockId=170274
BCM:	Adding new block blockId=170274
App:	Processing verify block request
BCM:	Adding block... blockId=170274 parentId=705037
BCM:	Found parend in leaves blockId=170274 parentId=705037
BCM:	Head changed head=170274
BCM:	Computing Delta removeHead=7050375374888895977 addHead=1702744031789479359
App:	Processing fork update poolSize=0
App:	Pool after fork poolSize=0
=== STATE ===
=============
Enter new message: 
App:	Processing payload request headId=170274
Miner:	New mining operation headId=170274
BCM:	Received register checkpoint blockId=170274
BCM:	Found block - registering checkpoint blockId=170274
Miner:	Mining aborted headId=705037
Miner:	Block mined headId=529817 parentId=170274
Comm:	broadcasting block blockId=529817 manlge=true
BCM:	Adding new block blockId=529817
App:	Processing verify block request
BCM:	Adding block... blockId=529817 parentId=170274
BCM:	Found parend in leaves blockId=529817 parentId=170274
BCM:	Head changed head=529817
BCM:	Computing Delta removeHead=1702744031789479359 addHead=5298176782326351727
App:	Processing fork update poolSize=0
App:	Pool after fork poolSize=0
=== STATE ===
=============
Enter new message: 
App:	Processing payload request headId=529817
Miner:	New mining operation headId=529817
BCM:	Received register checkpoint blockId=529817
BCM:	Found block - registering checkpoint blockId=529817
Comm:	new block received blockId=146284
BCM:	Adding new block blockId=146284
BCM:	Parent not found. Could be invalid chain/block or we are missing a part. Sending sync req to sync end of chain. blockId=146284
BCM:	Sending sync request blockId=146284 leaves+genesis=456470 401566 529817 820113 130232 103894 452347 984168 
Sync:	Intern - asking node for block block=146284 node=2 mangle=false
BCM:	Received chain from synchronizer
BCM:	Adding new chain chain=120757 146284 
App:	Processing verify block request
BCM:	Adding block... blockId=120757 parentId=529817
BCM:	Found parend in leaves blockId=120757 parentId=529817
BCM:	Adding block... blockId=146284 parentId=120757
BCM:	Found parend in leaves blockId=146284 parentId=120757
BCM:	Head changed head=146284
BCM:	Computing Delta removeHead=5298176782326351727 addHead=14628444844080472858
App:	Processing fork update poolSize=0
App:	Pool after fork poolSize=0
=== STATE ===
=============
Enter new message: 
App:	Processing payload request headId=146284
BCM:	Received register checkpoint blockId=146284
BCM:	Found block - registering checkpoint blockId=146284
Miner:	New mining operation headId=146284
Miner:	Mining aborted headId=529817
Comm:	new block received blockId=158276
BCM:	Adding new block blockId=158276
App:	Processing verify block request
BCM:	Adding block... blockId=158276 parentId=146284
BCM:	Found parend in leaves blockId=158276 parentId=146284
BCM:	Head changed head=158276
BCM:	Computing Delta removeHead=14628444844080472858 addHead=15827616348700461954
App:	Processing fork update poolSize=0
App:	Pool after fork poolSize=0
=== STATE ===
=============
Enter new message: 
App:	Processing payload request headId=158276
Miner:	New mining operation headId=158276
Miner:	Mining aborted headId=146284
BCM:	Received register checkpoint blockId=158276
BCM:	Found block - registering checkpoint blockId=158276
Comm:	new block received blockId=182242
BCM:	Adding new block blockId=182242
App:	Processing verify block request
BCM:	Adding block... blockId=182242 parentId=158276
BCM:	Found parend in leaves blockId=182242 parentId=158276
BCM:	Head changed head=182242
BCM:	Computing Delta removeHead=15827616348700461954 addHead=18224294932146444250
App:	Processing fork update poolSize=0
App:	Pool after fork poolSize=0
=== STATE ===
=============
Enter new message: 
App:	Processing payload request headId=182242
Miner:	New mining operation headId=182242
BCM:	Received register checkpoint blockId=182242
BCM:	Found block - registering checkpoint blockId=182242
Miner:	Mining aborted headId=158276
Miner:	Block mined headId=272582 parentId=182242
Comm:	broadcasting block blockId=272582 manlge=true
BCM:	Adding new block blockId=272582
App:	Processing verify block request
BCM:	Adding block... blockId=272582 parentId=182242
BCM:	Found parend in leaves blockId=272582 parentId=182242
BCM:	Head changed head=272582
BCM:	Computing Delta removeHead=18224294932146444250 addHead=2725828399063638682
App:	Processing fork update poolSize=0
App:	Pool after fork poolSize=0
=== STATE ===
=============
Enter new message: 
BCM:	Received register checkpoint blockId=272582
BCM:	Found block - registering checkpoint blockId=272582
App:	Processing payload request headId=272582
Miner:	New mining operation headId=272582
Comm:	new block received blockId=133080
BCM:	Adding new block blockId=133080
App:	Processing verify block request
BCM:	Adding block... blockId=133080 parentId=272582
BCM:	Found parend in leaves blockId=133080 parentId=272582
BCM:	Head changed head=133080
BCM:	Computing Delta removeHead=2725828399063638682 addHead=13308099774783369802
App:	Processing fork update poolSize=0
App:	Pool after fork poolSize=0
=== STATE ===
=============
Enter new message: 
BCM:	Received register checkpoint blockId=133080
BCM:	Found block - registering checkpoint blockId=133080
App:	Processing payload request headId=133080
Miner:	New mining operation headId=133080
Miner:	Mining aborted headId=272582
BCM:	Received get chain request requestId=3217078082008351972-2 sourceModule=synchronizer endBlockId=321707 sourceBlockIds=130232 820113 401566 103894 272582 456470 452347 984168 
BCM:	Block not found - can't build chain requestId=3217078082008351972-2 error=no hit
Comm:	new block received blockId=321707
BCM:	Adding new block blockId=321707
App:	Processing verify block request
BCM:	Adding block... blockId=321707 parentId=133080
BCM:	Found parend in leaves blockId=321707 parentId=133080
BCM:	Head changed head=321707
BCM:	Computing Delta removeHead=13308099774783369802 addHead=3217078082008351972
App:	Processing fork update poolSize=0
App:	Pool after fork poolSize=0
=== STATE ===
=============
Enter new message: 
BCM:	Received register checkpoint blockId=321707
BCM:	Found block - registering checkpoint blockId=321707
App:	Processing payload request headId=321707
Miner:	New mining operation headId=321707
Miner:	Mining aborted headId=133080
Comm:	new block received blockId=199077
BCM:	Adding new block blockId=199077
App:	Processing verify block request
BCM:	Adding block... blockId=199077 parentId=133080
BCM:	Found parend in tree blockId=199077 parentId=133080
Comm:	new block received blockId=132741
BCM:	Adding new block blockId=132741
App:	Processing verify block request
BCM:	Adding block... blockId=132741 parentId=199077
BCM:	Found parend in leaves blockId=132741 parentId=199077
BCM:	Head changed head=132741
BCM:	Computing Delta removeHead=3217078082008351972 addHead=13274120372920091071
App:	Processing fork update poolSize=0
App:	Pool after fork poolSize=1
=== STATE ===
=============
Enter new message: 
BCM:	Received register checkpoint blockId=132741
BCM:	Found block - registering checkpoint blockId=132741
App:	Processing payload request headId=132741
Miner:	New mining operation headId=132741
Miner:	Mining aborted headId=321707
Comm:	new block received blockId=228646
BCM:	Adding new block blockId=228646
BCM:	Parent not found. Could be invalid chain/block or we are missing a part. Sending sync req to sync end of chain. blockId=228646
BCM:	Sending sync request blockId=228646 leaves+genesis=130232 103894 452347 456470 401566 321707 132741 820113 984168 
Sync:	Intern - asking node for block block=228646 node=1 mangle=false
BCM:	Received get chain request requestId=13071249364223089158-2 sourceModule=synchronizer endBlockId=130712 sourceBlockIds=130232 820113 401566 103894 754775 456470 452347 984168 
BCM:	Block not found - can't build chain requestId=13071249364223089158-2 error=no hit
Comm:	new block received blockId=130712
BCM:	Adding new block blockId=130712
BCM:	Parent not found. Could be invalid chain/block or we are missing a part. Sending sync req to sync end of chain. blockId=130712
BCM:	Sending sync request blockId=130712 leaves+genesis=401566 321707 132741 820113 130232 103894 452347 456470 984168 
Sync:	Intern - asking node for block block=130712 node=3 mangle=false
Comm:	new block received blockId=178407
BCM:	Adding new block blockId=178407
BCM:	Parent not found. Could be invalid chain/block or we are missing a part. Sending sync req to sync end of chain. blockId=178407
BCM:	Sending sync request blockId=178407 leaves+genesis=130232 103894 452347 456470 401566 321707 132741 820113 984168 
Sync:	Intern - asking node for block block=178407 node=1 mangle=false
BCM:	Received chain from synchronizer
BCM:	Adding new chain chain=754775 228646 130712 178407 
App:	Processing verify block request
BCM:	Adding block... blockId=754775 parentId=132741
BCM:	Found parend in leaves blockId=754775 parentId=132741
BCM:	Adding block... blockId=228646 parentId=754775
BCM:	Found parend in leaves blockId=228646 parentId=754775
BCM:	Adding block... blockId=130712 parentId=228646
BCM:	Found parend in leaves blockId=130712 parentId=228646
BCM:	Adding block... blockId=178407 parentId=130712
BCM:	Found parend in leaves blockId=178407 parentId=130712
BCM:	Head changed head=178407
BCM:	Computing Delta removeHead=13274120372920091071 addHead=17840772267948570591
App:	Processing fork update poolSize=1
App:	Pool after fork poolSize=0
=== STATE ===
=============
Enter new message: 
App:	Processing payload request headId=178407
Miner:	New mining operation headId=178407
BCM:	Received register checkpoint blockId=178407
BCM:	Found block - registering checkpoint blockId=178407
Miner:	Mining aborted headId=132741
Comm:	new block received blockId=594294
BCM:	Adding new block blockId=594294
App:	Processing verify block request
BCM:	Adding block... blockId=594294 parentId=754775
BCM:	Found parend in tree blockId=594294 parentId=754775
Comm:	new block received blockId=251809
BCM:	Adding new block blockId=251809
App:	Processing verify block request
BCM:	Adding block... blockId=251809 parentId=178407
BCM:	Found parend in leaves blockId=251809 parentId=178407
BCM:	Head changed head=251809
BCM:	Computing Delta removeHead=17840772267948570591 addHead=2518092973411778241
App:	Processing fork update poolSize=0
App:	Pool after fork poolSize=0
=== STATE ===
=============
Enter new message: 
BCM:	Received register checkpoint blockId=251809
BCM:	Found block - registering checkpoint blockId=251809
App:	Processing payload request headId=251809
Miner:	New mining operation headId=251809
Miner:	Mining aborted headId=178407
BCM:	Received get chain request requestId=2518092973411778241-2 sourceModule=synchronizer endBlockId=251809 sourceBlockIds=452347 130232 820113 401566 103894 594294 456470 984168 
BCM:	Found block in tree - building chain requestId=2518092973411778241-2
BCM:	Found link with sourceBlockIds - chain build requestId=2518092973411778241-2
Sync:	External - Responsing to block request requestId=2518092973411778241-2 found=true mangle=false
Miner:	Block mined headId=723691 parentId=251809
Comm:	broadcasting block blockId=723691 manlge=true
BCM:	Adding new block blockId=723691
App:	Processing verify block request
BCM:	Adding block... blockId=723691 parentId=251809
BCM:	Found parend in leaves blockId=723691 parentId=251809
BCM:	Head changed head=723691
BCM:	Computing Delta removeHead=2518092973411778241 addHead=723691785792091849
App:	Processing fork update poolSize=0
App:	Pool after fork poolSize=0
=== STATE ===
=============
Enter new message: 
BCM:	Received register checkpoint blockId=723691
BCM:	Found block - registering checkpoint blockId=723691
App:	Processing payload request headId=723691
Miner:	New mining operation headId=723691
Comm:	new block received blockId=143877
BCM:	Adding new block blockId=143877
BCM:	Parent not found. Could be invalid chain/block or we are missing a part. Sending sync req to sync end of chain. blockId=143877
BCM:	Sending sync request blockId=143877 leaves+genesis=130232 103894 456470 594294 820113 401566 321707 723691 452347 984168 
Sync:	Intern - asking node for block block=143877 node=2 mangle=false
BCM:	Received chain from synchronizer
BCM:	Adding new chain chain=131965 787028 103988 118938 788874 128439 113306 741125 750030 176791 710442 125371 825990 181641 112625 731806 334657 116079 234199 139456 171170 646610 844231 971598 178105 904985 153255 159624 103108 180080 142191 178413 137013 154336 832410 705037 170274 529817 120757 146284 158276 182242 272582 133080 199077 132741 754775 228646 130712 178407 251809 833289 143877 
App:	Processing verify block request
BCM:	Adding block... blockId=131965 parentId=984168
BCM:	Block already in tree blockId=131965
BCM:	Couldn't find parent blockId=131965 error=node already in tree
BCM:	Block already in tree - ignore blockId=131965
BCM:	Adding block... blockId=787028 parentId=131965
BCM:	Block already in tree blockId=787028
BCM:	Couldn't find parent blockId=787028 error=node already in tree
BCM:	Block already in tree - ignore blockId=787028
BCM:	Adding block... blockId=103988 parentId=787028
BCM:	Found parend in tree blockId=103988 parentId=787028
BCM:	Adding block... blockId=118938 parentId=103988
BCM:	Found parend in leaves blockId=118938 parentId=103988
BCM:	Adding block... blockId=788874 parentId=118938
BCM:	Found parend in leaves blockId=788874 parentId=118938
BCM:	Adding block... blockId=128439 parentId=788874
BCM:	Found parend in leaves blockId=128439 parentId=788874
BCM:	Adding block... blockId=113306 parentId=128439
BCM:	Found parend in leaves blockId=113306 parentId=128439
BCM:	Adding block... blockId=741125 parentId=113306
BCM:	Found parend in leaves blockId=741125 parentId=113306
BCM:	Adding block... blockId=750030 parentId=741125
BCM:	Found parend in leaves blockId=750030 parentId=741125
BCM:	Adding block... blockId=176791 parentId=750030
BCM:	Found parend in leaves blockId=176791 parentId=750030
BCM:	Adding block... blockId=710442 parentId=176791
BCM:	Found parend in leaves blockId=710442 parentId=176791
BCM:	Adding block... blockId=125371 parentId=710442
BCM:	Found parend in leaves blockId=125371 parentId=710442
BCM:	Adding block... blockId=825990 parentId=125371
BCM:	Found parend in leaves blockId=825990 parentId=125371
BCM:	Adding block... blockId=181641 parentId=825990
BCM:	Found parend in leaves blockId=181641 parentId=825990
BCM:	Adding block... blockId=112625 parentId=181641
BCM:	Found parend in leaves blockId=112625 parentId=181641
BCM:	Adding block... blockId=731806 parentId=112625
BCM:	Found parend in leaves blockId=731806 parentId=112625
BCM:	Adding block... blockId=334657 parentId=731806
BCM:	Found parend in leaves blockId=334657 parentId=731806
BCM:	Adding block... blockId=116079 parentId=334657
BCM:	Found parend in leaves blockId=116079 parentId=334657
BCM:	Adding block... blockId=234199 parentId=116079
BCM:	Found parend in leaves blockId=234199 parentId=116079
BCM:	Adding block... blockId=139456 parentId=234199
BCM:	Found parend in leaves blockId=139456 parentId=234199
BCM:	Adding block... blockId=171170 parentId=139456
BCM:	Found parend in leaves blockId=171170 parentId=139456
BCM:	Adding block... blockId=646610 parentId=171170
BCM:	Found parend in leaves blockId=646610 parentId=171170
BCM:	Adding block... blockId=844231 parentId=646610
BCM:	Found parend in leaves blockId=844231 parentId=646610
BCM:	Adding block... blockId=971598 parentId=844231
BCM:	Found parend in leaves blockId=971598 parentId=844231
BCM:	Adding block... blockId=178105 parentId=971598
BCM:	Found parend in leaves blockId=178105 parentId=971598
BCM:	Adding block... blockId=904985 parentId=178105
BCM:	Found parend in leaves blockId=904985 parentId=178105
BCM:	Adding block... blockId=153255 parentId=904985
BCM:	Found parend in leaves blockId=153255 parentId=904985
BCM:	Adding block... blockId=159624 parentId=153255
BCM:	Found parend in leaves blockId=159624 parentId=153255
BCM:	Adding block... blockId=103108 parentId=159624
BCM:	Found parend in leaves blockId=103108 parentId=159624
BCM:	Adding block... blockId=180080 parentId=103108
BCM:	Found parend in leaves blockId=180080 parentId=103108
BCM:	Adding block... blockId=142191 parentId=180080
BCM:	Found parend in leaves blockId=142191 parentId=180080
BCM:	Adding block... blockId=178413 parentId=142191
BCM:	Found parend in leaves blockId=178413 parentId=142191
BCM:	Adding block... blockId=137013 parentId=178413
BCM:	Found parend in leaves blockId=137013 parentId=178413
BCM:	Adding block... blockId=154336 parentId=137013
BCM:	Found parend in leaves blockId=154336 parentId=137013
BCM:	Adding block... blockId=832410 parentId=154336
BCM:	Found parend in leaves blockId=832410 parentId=154336
BCM:	Adding block... blockId=705037 parentId=832410
BCM:	Found parend in leaves blockId=705037 parentId=832410
BCM:	Adding block... blockId=170274 parentId=705037
BCM:	Found parend in leaves blockId=170274 parentId=705037
BCM:	Adding block... blockId=529817 parentId=170274
BCM:	Found parend in leaves blockId=529817 parentId=170274
BCM:	Adding block... blockId=120757 parentId=529817
BCM:	Found parend in leaves blockId=120757 parentId=529817
BCM:	Adding block... blockId=146284 parentId=120757
BCM:	Found parend in leaves blockId=146284 parentId=120757
BCM:	Adding block... blockId=158276 parentId=146284
BCM:	Found parend in leaves blockId=158276 parentId=146284
BCM:	Adding block... blockId=182242 parentId=158276
BCM:	Found parend in leaves blockId=182242 parentId=158276
BCM:	Adding block... blockId=272582 parentId=182242
BCM:	Found parend in leaves blockId=272582 parentId=182242
BCM:	Adding block... blockId=133080 parentId=272582
BCM:	Found parend in leaves blockId=133080 parentId=272582
BCM:	Adding block... blockId=199077 parentId=133080
BCM:	Found parend in leaves blockId=199077 parentId=133080
BCM:	Adding block... blockId=132741 parentId=199077
BCM:	Found parend in leaves blockId=132741 parentId=199077
BCM:	Adding block... blockId=754775 parentId=132741
BCM:	Found parend in leaves blockId=754775 parentId=132741
BCM:	Adding block... blockId=228646 parentId=754775
BCM:	Found parend in leaves blockId=228646 parentId=754775
BCM:	Adding block... blockId=130712 parentId=228646
BCM:	Found parend in leaves blockId=130712 parentId=228646
BCM:	Adding block... blockId=178407 parentId=130712
BCM:	Found parend in leaves blockId=178407 parentId=130712
BCM:	Adding block... blockId=251809 parentId=178407
BCM:	Found parend in leaves blockId=251809 parentId=178407
BCM:	Adding block... blockId=833289 parentId=251809
BCM:	Found parend in leaves blockId=833289 parentId=251809
BCM:	Adding block... blockId=143877 parentId=833289
BCM:	Found parend in leaves blockId=143877 parentId=833289
BCM:	Head changed head=143877
BCM:	Computing Delta removeHead=723691785792091849 addHead=14387728932502971787
App:	Processing fork update poolSize=0
App:	Pool after fork poolSize=1
=== STATE ===
=============
Enter new message: 
BCM:	Received register checkpoint blockId=143877
BCM:	Found block - registering checkpoint blockId=143877
App:	Processing payload request headId=143877
Miner:	New mining operation headId=143877
Miner:	Mining aborted headId=723691
Comm:	new block received blockId=155883
BCM:	Adding new block blockId=155883
App:	Processing verify block request
BCM:	Adding block... blockId=155883 parentId=143877
BCM:	Found parend in leaves blockId=155883 parentId=143877
BCM:	Head changed head=155883
BCM:	Computing Delta removeHead=14387728932502971787 addHead=15588335238882435227
App:	Processing fork update poolSize=1
App:	Pool after fork poolSize=1
=== STATE ===
=============
Enter new message: 
BCM:	Received register checkpoint blockId=155883
BCM:	Found block - registering checkpoint blockId=155883
App:	Processing payload request headId=155883
Miner:	New mining operation headId=155883
Miner:	Mining aborted headId=143877
Comm:	new block received blockId=116097
BCM:	Adding new block blockId=116097
App:	Processing verify block request
BCM:	Adding block... blockId=116097 parentId=155883
BCM:	Found parend in leaves blockId=116097 parentId=155883
BCM:	Head changed head=116097
BCM:	Computing Delta removeHead=15588335238882435227 addHead=11609709119701276484
App:	Processing fork update poolSize=1
App:	Pool after fork poolSize=1
=== STATE ===
=============
Enter new message: 
BCM:	Received register checkpoint blockId=116097
BCM:	Found block - registering checkpoint blockId=116097
App:	Processing payload request headId=116097
Miner:	New mining operation headId=116097
Miner:	Mining aborted headId=155883
Miner:	Block mined headId=116552 parentId=116097
BCM:	Adding new block blockId=116552
Comm:	broadcasting block blockId=116552 manlge=true
App:	Processing verify block request
BCM:	Adding block... blockId=116552 parentId=116097
BCM:	Found parend in leaves blockId=116552 parentId=116097
BCM:	Head changed head=116552
BCM:	Computing Delta removeHead=11609709119701276484 addHead=11655255477305274550
App:	Processing fork update poolSize=1
App:	Pool after fork poolSize=0
=== STATE ===
=============
Enter new message: 
BCM:	Received register checkpoint blockId=116552
BCM:	Found block - registering checkpoint blockId=116552
App:	Processing payload request headId=116552
Miner:	New mining operation headId=116552
Comm:	new block received blockId=132390
BCM:	Adding new block blockId=132390
App:	Processing verify block request
BCM:	Adding block... blockId=132390 parentId=116552
BCM:	Found parend in leaves blockId=132390 parentId=116552
BCM:	Head changed head=132390
BCM:	Computing Delta removeHead=11655255477305274550 addHead=1323909564598763092
App:	Processing fork update poolSize=0
App:	Pool after fork poolSize=0
=== STATE ===
=============
Enter new message: 
BCM:	Received register checkpoint blockId=132390
BCM:	Found block - registering checkpoint blockId=132390
App:	Processing payload request headId=132390
Miner:	New mining operation headId=132390
Miner:	Mining aborted headId=116552
Comm:	new block received blockId=336948
BCM:	Adding new block blockId=336948
App:	Processing verify block request
BCM:	Adding block... blockId=336948 parentId=132390
BCM:	Found parend in leaves blockId=336948 parentId=132390
BCM:	Head changed head=336948
BCM:	Computing Delta removeHead=1323909564598763092 addHead=3369486613705029435
App:	Processing fork update poolSize=0
App:	Pool after fork poolSize=0
=== STATE ===
=============
Enter new message: 
BCM:	Received register checkpoint blockId=336948
BCM:	Found block - registering checkpoint blockId=336948
App:	Processing payload request headId=336948
Miner:	New mining operation headId=336948
Miner:	Mining aborted headId=132390
Comm:	new block received blockId=748024
BCM:	Adding new block blockId=748024
App:	Processing verify block request
BCM:	Adding block... blockId=748024 parentId=132390
BCM:	Found parend in tree blockId=748024 parentId=132390
Miner:	Block mined headId=197767 parentId=336948
BCM:	Adding new block blockId=197767
Comm:	broadcasting block blockId=197767 manlge=true
App:	Processing verify block request
BCM:	Adding block... blockId=197767 parentId=336948
BCM:	Found parend in leaves blockId=197767 parentId=336948
BCM:	Head changed head=197767
BCM:	Computing Delta removeHead=3369486613705029435 addHead=1977675816280661647
App:	Processing fork update poolSize=0
App:	Pool after fork poolSize=0
=== STATE ===
=============
Enter new message: 
BCM:	Received register checkpoint blockId=197767
BCM:	Found block - registering checkpoint blockId=197767
App:	Processing payload request headId=197767
Miner:	New mining operation headId=197767
Comm:	new block received blockId=157771
BCM:	Adding new block blockId=157771
App:	Processing verify block request
BCM:	Adding block... blockId=157771 parentId=197767
BCM:	Found parend in leaves blockId=157771 parentId=197767
BCM:	Head changed head=157771
BCM:	Computing Delta removeHead=1977675816280661647 addHead=15777194470011118767
App:	Processing fork update poolSize=0
App:	Pool after fork poolSize=0
=== STATE ===
=============
Enter new message: 
BCM:	Received register checkpoint blockId=157771
BCM:	Found block - registering checkpoint blockId=157771
App:	Processing payload request headId=157771
Miner:	New mining operation headId=157771
Miner:	Mining aborted headId=197767
Comm:	new block received blockId=127073
BCM:	Adding new block blockId=127073
App:	Processing verify block request
BCM:	Adding block... blockId=127073 parentId=157771
BCM:	Found parend in leaves blockId=127073 parentId=157771
BCM:	Head changed head=127073
BCM:	Computing Delta removeHead=15777194470011118767 addHead=12707321996066357007
App:	Processing fork update poolSize=0
App:	Pool after fork poolSize=0
=== STATE ===
=============
Enter new message: 
App:	Processing payload request headId=127073
BCM:	Received register checkpoint blockId=127073
BCM:	Found block - registering checkpoint blockId=127073
Miner:	New mining operation headId=127073
Miner:	Mining aborted headId=157771
Miner:	Block mined headId=667042 parentId=127073
Comm:	broadcasting block blockId=667042 manlge=true
BCM:	Adding new block blockId=667042
App:	Processing verify block request
BCM:	Adding block... blockId=667042 parentId=127073
BCM:	Found parend in leaves blockId=667042 parentId=127073
BCM:	Head changed head=667042
BCM:	Computing Delta removeHead=12707321996066357007 addHead=6670427985458187762
App:	Processing fork update poolSize=0
App:	Pool after fork poolSize=0
=== STATE ===
=============
Enter new message: 
BCM:	Received register checkpoint blockId=667042
BCM:	Found block - registering checkpoint blockId=667042
App:	Processing payload request headId=667042
Miner:	New mining operation headId=667042
Comm:	new block received blockId=326293
BCM:	Adding new block blockId=326293
App:	Processing verify block request
BCM:	Adding block... blockId=326293 parentId=667042
BCM:	Found parend in leaves blockId=326293 parentId=667042
BCM:	Head changed head=326293
BCM:	Computing Delta removeHead=6670427985458187762 addHead=3262937090922922542
App:	Processing fork update poolSize=0
App:	Pool after fork poolSize=0
=== STATE ===
=============
Enter new message: 
App:	Processing payload request headId=326293
BCM:	Received register checkpoint blockId=326293
BCM:	Found block - registering checkpoint blockId=326293
Miner:	New mining operation headId=326293
Miner:	Mining aborted headId=667042
Miner:	Block mined headId=787017 parentId=326293
Comm:	broadcasting block blockId=787017 manlge=true
BCM:	Adding new block blockId=787017
App:	Processing verify block request
BCM:	Adding block... blockId=787017 parentId=326293
BCM:	Found parend in leaves blockId=787017 parentId=326293
BCM:	Head changed head=787017
BCM:	Computing Delta removeHead=3262937090922922542 addHead=7870171787134865094
App:	Processing fork update poolSize=0
App:	Pool after fork poolSize=0
=== STATE ===
=============
Enter new message: 
BCM:	Received register checkpoint blockId=787017
BCM:	Found block - registering checkpoint blockId=787017
App:	Processing payload request headId=787017
Miner:	New mining operation headId=787017
Comm:	new block received blockId=669839
BCM:	Adding new block blockId=669839
App:	Processing verify block request
BCM:	Adding block... blockId=669839 parentId=326293
BCM:	Found parend in tree blockId=669839 parentId=326293
BCM:	Received get chain request requestId=7870171787134865094-2 sourceModule=synchronizer endBlockId=787017 sourceBlockIds=103894 456470 157771 723691 149682 452347 130232 820113 401566 594294 984168 
BCM:	Found block in tree - building chain requestId=7870171787134865094-2
BCM:	Found link with sourceBlockIds - chain build requestId=7870171787134865094-2
Sync:	External - Responsing to block request requestId=7870171787134865094-2 found=true mangle=false
Comm:	new block received blockId=690716
BCM:	Adding new block blockId=690716
App:	Processing verify block request
BCM:	Adding block... blockId=690716 parentId=787017
BCM:	Found parend in leaves blockId=690716 parentId=787017
BCM:	Head changed head=690716
BCM:	Computing Delta removeHead=7870171787134865094 addHead=6907169545913650442
App:	Processing fork update poolSize=0
App:	Pool after fork poolSize=0
=== STATE ===
=============
Enter new message: 
BCM:	Received register checkpoint blockId=690716
BCM:	Found block - registering checkpoint blockId=690716
App:	Processing payload request headId=690716
Miner:	New mining operation headId=690716
Miner:	Mining aborted headId=787017
Miner:	Block mined headId=424364 parentId=690716
BCM:	Adding new block blockId=424364
Comm:	broadcasting block blockId=424364 manlge=true
App:	Processing verify block request
BCM:	Adding block... blockId=424364 parentId=690716
BCM:	Found parend in leaves blockId=424364 parentId=690716
BCM:	Head changed head=424364
BCM:	Computing Delta removeHead=6907169545913650442 addHead=4243642487372754675
App:	Processing fork update poolSize=0
App:	Pool after fork poolSize=0
=== STATE ===
=============
Enter new message: 
App:	Processing payload request headId=424364
Miner:	New mining operation headId=424364
BCM:	Received register checkpoint blockId=424364
BCM:	Found block - registering checkpoint blockId=424364
Comm:	new block received blockId=325018
BCM:	Adding new block blockId=325018
App:	Processing verify block request
BCM:	Adding block... blockId=325018 parentId=690716
BCM:	Found parend in tree blockId=325018 parentId=690716
Comm:	new block received blockId=635750
BCM:	Adding new block blockId=635750
App:	Processing verify block request
BCM:	Adding block... blockId=635750 parentId=424364
BCM:	Found parend in leaves blockId=635750 parentId=424364
BCM:	Head changed head=635750
BCM:	Computing Delta removeHead=4243642487372754675 addHead=635750864370222307
App:	Processing fork update poolSize=0
App:	Pool after fork poolSize=0
=== STATE ===
=============
Enter new message: 
App:	Processing payload request headId=635750
Miner:	New mining operation headId=635750
Miner:	Mining aborted headId=424364
BCM:	Received register checkpoint blockId=635750
BCM:	Found block - registering checkpoint blockId=635750
BCM:	Received get chain request requestId=635750864370222307-3 sourceModule=synchronizer endBlockId=635750 sourceBlockIds=149682 723691 321707 594294 748024 325018 401566 820113 452347 103894 456470 669839 130232 984168 
BCM:	Found block in tree - building chain requestId=635750864370222307-3
BCM:	Found link with sourceBlockIds - chain build requestId=635750864370222307-3
Sync:	External - Responsing to block request requestId=635750864370222307-3 found=true mangle=false
Comm:	new block received blockId=106796
BCM:	Adding new block blockId=106796
App:	Processing verify block request
BCM:	Adding block... blockId=106796 parentId=424364
BCM:	Found parend in tree blockId=106796 parentId=424364
Miner:	Block mined headId=885301 parentId=635750
Comm:	broadcasting block blockId=885301 manlge=true
BCM:	Adding new block blockId=885301
App:	Processing verify block request
BCM:	Adding block... blockId=885301 parentId=635750
BCM:	Found parend in leaves blockId=885301 parentId=635750
BCM:	Head changed head=885301
BCM:	Computing Delta removeHead=635750864370222307 addHead=885301265417026120
App:	Processing fork update poolSize=0
App:	Pool after fork poolSize=0
=== STATE ===
=============
Enter new message: 
App:	Processing payload request headId=885301
BCM:	Received register checkpoint blockId=885301
BCM:	Found block - registering checkpoint blockId=885301
Miner:	New mining operation headId=885301
Comm:	new block received blockId=126113
BCM:	Adding new block blockId=126113
App:	Processing verify block request
BCM:	Adding block... blockId=126113 parentId=635750
BCM:	Found parend in tree blockId=126113 parentId=635750
Miner:	Block mined headId=387770 parentId=885301
Comm:	broadcasting block blockId=387770 manlge=true
BCM:	Adding new block blockId=387770
App:	Processing verify block request
BCM:	Adding block... blockId=387770 parentId=885301
BCM:	Found parend in leaves blockId=387770 parentId=885301
BCM:	Head changed head=387770
BCM:	Computing Delta removeHead=885301265417026120 addHead=3877704528951535425
App:	Processing fork update poolSize=0
App:	Pool after fork poolSize=0
=== STATE ===
=============
Enter new message: 
BCM:	Received register checkpoint blockId=387770
BCM:	Found block - registering checkpoint blockId=387770
App:	Processing payload request headId=387770
Miner:	New mining operation headId=387770
Comm:	new block received blockId=134619
BCM:	Adding new block blockId=134619
App:	Processing verify block request
BCM:	Adding block... blockId=134619 parentId=126113
BCM:	Found parend in leaves blockId=134619 parentId=126113
BCM:	Received get chain request requestId=3877704528951535425-2 sourceModule=synchronizer endBlockId=387770 sourceBlockIds=820113 401566 594294 149682 452347 130232 325018 723691 106796 103894 456470 984168 
BCM:	Found block in tree - building chain requestId=3877704528951535425-2
BCM:	Found link with sourceBlockIds - chain build requestId=3877704528951535425-2
Sync:	External - Responsing to block request requestId=3877704528951535425-2 found=true mangle=false
Comm:	new block received blockId=725423
BCM:	Adding new block blockId=725423
App:	Processing verify block request
BCM:	Adding block... blockId=725423 parentId=387770
BCM:	Found parend in leaves blockId=725423 parentId=387770
BCM:	Head changed head=725423
BCM:	Computing Delta removeHead=3877704528951535425 addHead=7254233625340236993
App:	Processing fork update poolSize=0
App:	Pool after fork poolSize=0
=== STATE ===
=============
Enter new message: 
App:	Processing payload request headId=725423
BCM:	Received register checkpoint blockId=725423
BCM:	Found block - registering checkpoint blockId=725423
Miner:	New mining operation headId=725423
Miner:	Mining aborted headId=387770
Miner:	Block mined headId=136566 parentId=725423
BCM:	Adding new block blockId=136566
App:	Processing verify block request
Comm:	broadcasting block blockId=136566 manlge=true
BCM:	Adding block... blockId=136566 parentId=725423
BCM:	Found parend in leaves blockId=136566 parentId=725423
BCM:	Head changed head=136566
BCM:	Computing Delta removeHead=7254233625340236993 addHead=13656689722121415999
App:	Processing fork update poolSize=0
App:	Pool after fork poolSize=0
=== STATE ===
=============
Enter new message: 
BCM:	Received register checkpoint blockId=136566
BCM:	Found block - registering checkpoint blockId=136566
App:	Processing payload request headId=136566
Miner:	New mining operation headId=136566
Miner:	Block mined headId=144025 parentId=136566
BCM:	Adding new block blockId=144025
Comm:	broadcasting block blockId=144025 manlge=true
App:	Processing verify block request
BCM:	Adding block... blockId=144025 parentId=136566
BCM:	Found parend in leaves blockId=144025 parentId=136566
BCM:	Head changed head=144025
BCM:	Computing Delta removeHead=13656689722121415999 addHead=14402567613813076236
App:	Processing fork update poolSize=0
App:	Pool after fork poolSize=0
=== STATE ===
=============
Enter new message: 
BCM:	Received register checkpoint blockId=144025
BCM:	Found block - registering checkpoint blockId=144025
App:	Processing payload request headId=144025
Miner:	New mining operation headId=144025
Comm:	new block received blockId=704540
BCM:	Adding new block blockId=704540
App:	Processing verify block request
BCM:	Adding block... blockId=704540 parentId=144025
BCM:	Found parend in leaves blockId=704540 parentId=144025
BCM:	Head changed head=704540
BCM:	Computing Delta removeHead=14402567613813076236 addHead=704540787119433787
App:	Processing fork update poolSize=0
App:	Pool after fork poolSize=0
=== STATE ===
=============
Enter new message: 
BCM:	Received register checkpoint blockId=704540
BCM:	Found block - registering checkpoint blockId=704540
App:	Processing payload request headId=704540
Miner:	New mining operation headId=704540
Miner:	Mining aborted headId=144025
Comm:	new block received blockId=350795
BCM:	Adding new block blockId=350795
App:	Processing verify block request
BCM:	Adding block... blockId=350795 parentId=144025
BCM:	Found parend in tree blockId=350795 parentId=144025
Comm:	new block received blockId=811238
BCM:	Adding new block blockId=811238
App:	Processing verify block request
BCM:	Adding block... blockId=811238 parentId=350795
BCM:	Found parend in leaves blockId=811238 parentId=350795
BCM:	Head changed head=811238
BCM:	Computing Delta removeHead=704540787119433787 addHead=8112386115754264405
App:	Processing fork update poolSize=0
App:	Pool after fork poolSize=1
=== STATE ===
=============
Enter new message: 
App:	Processing payload request headId=811238
Miner:	New mining operation headId=811238
Miner:	Mining aborted headId=704540
BCM:	Received register checkpoint blockId=811238
BCM:	Found block - registering checkpoint blockId=811238
Comm:	new block received blockId=719743
BCM:	Adding new block blockId=719743
App:	Processing verify block request
BCM:	Adding block... blockId=719743 parentId=811238
BCM:	Found parend in leaves blockId=719743 parentId=811238
BCM:	Head changed head=719743
BCM:	Computing Delta removeHead=8112386115754264405 addHead=7197436772463120315
App:	Processing fork update poolSize=1
App:	Pool after fork poolSize=1
=== STATE ===
=============
Enter new message: 
BCM:	Received register checkpoint blockId=719743
BCM:	Found block - registering checkpoint blockId=719743
App:	Processing payload request headId=719743
Miner:	New mining operation headId=719743
Miner:	Mining aborted headId=811238
Comm:	new block received blockId=116901
BCM:	Adding new block blockId=116901
App:	Processing verify block request
BCM:	Adding block... blockId=116901 parentId=719743
BCM:	Found parend in leaves blockId=116901 parentId=719743
BCM:	Head changed head=116901
BCM:	Computing Delta removeHead=7197436772463120315 addHead=11690177257233753157
App:	Processing fork update poolSize=1
App:	Pool after fork poolSize=1
=== STATE ===
=============
Enter new message: 
BCM:	Received register checkpoint blockId=116901
BCM:	Found block - registering checkpoint blockId=116901
App:	Processing payload request headId=116901
Miner:	New mining operation headId=116901
Miner:	Mining aborted headId=719743
Miner:	Block mined headId=352996 parentId=116901
Comm:	broadcasting block blockId=352996 manlge=true
BCM:	Adding new block blockId=352996
App:	Processing verify block request
BCM:	Adding block... blockId=352996 parentId=116901
BCM:	Found parend in leaves blockId=352996 parentId=116901
BCM:	Head changed head=352996
BCM:	Computing Delta removeHead=11690177257233753157 addHead=3529965451373361472
App:	Processing fork update poolSize=1
App:	Pool after fork poolSize=0
=== STATE ===
=============
Enter new message: 
App:	Processing payload request headId=352996
Miner:	New mining operation headId=352996
BCM:	Received register checkpoint blockId=352996
BCM:	Found block - registering checkpoint blockId=352996
BCM:	Received get chain request requestId=3529965451373361472-1 sourceModule=synchronizer endBlockId=352996 sourceBlockIds=103894 321707 456470 149682 130232 452347 704540 723691 106796 134619 820113 401566 669839 719743 325018 594294 748024 984168 
BCM:	Found block in tree - building chain requestId=3529965451373361472-1
BCM:	Found link with sourceBlockIds - chain build requestId=3529965451373361472-1
Sync:	External - Responsing to block request requestId=3529965451373361472-1 found=true mangle=false
Comm:	new block received blockId=310687
BCM:	Adding new block blockId=310687
App:	Processing verify block request
BCM:	Adding block... blockId=310687 parentId=116901
BCM:	Found parend in tree blockId=310687 parentId=116901
Comm:	new block received blockId=140230
BCM:	Adding new block blockId=140230
App:	Processing verify block request
BCM:	Adding block... blockId=140230 parentId=310687
BCM:	Found parend in leaves blockId=140230 parentId=310687
BCM:	Head changed head=140230
BCM:	Computing Delta removeHead=3529965451373361472 addHead=14023074895264287793
App:	Processing fork update poolSize=0
App:	Pool after fork poolSize=1
=== STATE ===
=============
Enter new message: 
App:	Processing payload request headId=140230
Miner:	New mining operation headId=140230
BCM:	Received register checkpoint blockId=140230
BCM:	Found block - registering checkpoint blockId=140230
Miner:	Mining aborted headId=352996
Connection terminated. addr=127.0.0.1:62327 rpc error: code = Canceled desc = context canceled=rpc error: code = Canceled desc = context canceled
Connection terminated. addr=127.0.0.1:62331 rpc error: code = Canceled desc = context canceled=rpc error: code = Canceled desc = context canceled
Connection terminated. addr=127.0.0.1:62334 rpc error: code = Canceled desc = context canceled=rpc error: code = Canceled desc = context canceled
